1634932020216	geckodriver	INFO	Listening on 127.0.0.1:9971
1634932023242	mozrunner::runner	INFO	Running command: "C:\\Program Files\\Mozilla Firefox\\firefox.exe" "--marionette" "-no-remote" "-profile" "C:\\Users\\ADMINI~1\\AppData\\Local\\Temp\\rust_mozprofileYtPijX"
1634932024278	Marionette	INFO	Marionette enabled
console.warn: SearchSettings: "get: No settings file exists, new profile?" (new Error("", "(unknown module)"))
1634932026810	Marionette	INFO	Listening on port 9979
1634932026904	Marionette	WARN	TLS certificate errors will be ignored for this session
1634932031686	Marionette	WARN	Ignoring event 'pageshow' because document has an invalid readyState of 'uninitialized'.
1634932066650	Marionette	INFO	Stopped listening on port 9979

###!!! [Child][RunMessage] Error: Channel closing: too late to send/recv, messages will be lost

1634932119884	geckodriver	INFO	Listening on 127.0.0.1:10160
1634932122652	mozrunner::runner	INFO	Running command: "C:\\Program Files\\Mozilla Firefox\\firefox.exe" "--marionette" "-no-remote" "-profile" "C:\\Users\\ADMINI~1\\AppData\\Local\\Temp\\rust_mozprofileCk369M"
1634932123109	Marionette	INFO	Marionette enabled
console.warn: SearchSettings: "get: No settings file exists, new profile?" (new Error("", "(unknown module)"))
1634932124902	Marionette	INFO	Listening on port 10176
1634932125281	Marionette	WARN	TLS certificate errors will be ignored for this session
1634932129025	Marionette	WARN	Ignoring event 'pageshow' because document has an invalid readyState of 'uninitialized'.
IPDL protocol error: Handler returned error code!

###!!! [Parent][DispatchAsyncMessage] Error: PLayerTransaction::Msg_ReleaseLayer Processing error: message was deserialized, but the handler returned false (indicating failure)

Marionette threw an error: TypeError: browsingContextFn().currentWindowGlobal is null
getMarionetteCommandsActorProxy/get/<@chrome://marionette/content/actors/MarionetteCommandsParent.jsm:327:29

1634932182693	Marionette	INFO	Stopped listening on port 10176
1634932410888	geckodriver	INFO	Listening on 127.0.0.1:6786
1634932413904	mozrunner::runner	INFO	Running command: "C:\\Program Files\\Mozilla Firefox\\firefox.exe" "--marionette" "-no-remote" "-profile" "C:\\Users\\ADMINI~1\\AppData\\Local\\Temp\\rust_mozprofile4lr8Ga"
1634932414330	Marionette	INFO	Marionette enabled
console.warn: SearchSettings: "get: No settings file exists, new profile?" (new Error("", "(unknown module)"))
1634932416527	Marionette	INFO	Listening on port 6794
1634932417032	Marionette	WARN	TLS certificate errors will be ignored for this session
1634932419240	Marionette	WARN	Ignoring event 'pageshow' because document has an invalid readyState of 'uninitialized'.
1634932489994	Marionette	INFO	Stopped listening on port 6794

###!!! [Child][RunMessage] Error: Channel closing: too late to send/recv, messages will be lost

1634978555247	geckodriver	INFO	Listening on 127.0.0.1:8041
1634978558272	mozrunner::runner	INFO	Running command: "C:\\Program Files\\Mozilla Firefox\\firefox.exe" "--marionette" "-no-remote" "-profile" "C:\\Users\\ADMINI~1\\AppData\\Local\\Temp\\rust_mozprofileEOpw6L"
1634978559369	Marionette	INFO	Marionette enabled
console.warn: SearchSettings: "get: No settings file exists, new profile?" (new Error("", "(unknown module)"))
1634978561780	Marionette	INFO	Listening on port 8051
1634978561921	Marionette	WARN	TLS certificate errors will be ignored for this session
[Parent 12864, IPC I/O Parent] WARNING: file /builds/worker/checkouts/gecko/ipc/chromium/src/base/process_util_win.cc:167
1634978563410	Marionette	WARN	Ignoring event 'pageshow' because document has an invalid readyState of 'uninitialized'.

###!!! [Parent][RunMessage] Error: Channel closing: too late to send/recv, messages will be lost

1634978746554	Marionette	INFO	Stopped listening on port 8051

###!!! [Child][RunMessage] Error: Channel closing: too late to send/recv, messages will be lost

"--marionette" "-no-remote" "-profile" "C:\\Users\\ADMINI~1\\AppData\\Local\\Temp\\rust_mozprofilejfVgTN"
1634978622000	Marionette	INFO	Marionette enabled
console.warn: SearchSettings: "get: No settings file exists, new profile?" (new Error("", "(unknown module)"))
1634978624388	Marionette	INFO	Listening on port 8156
1634978624631	Marionette	WARN	TLS certificate errors will be ignored for this session
1634978626159	Marionette	WARN	Ignoring event 'pageshow' because document has an invalid readyState of 'uninitialized'.
1634978752804	Marionette	INFO	Stopped listening on port 8156

###!!! [Child][RunMessage] Error: Channel closing: too late to send/recv, messages will be lost

"--marionette" "-no-remote" "-profile" "C:\\Users\\ADMINI~1\\AppData\\Local\\Temp\\rust_mozprofilejIjbJK"
1634978699552	Marionette	INFO	Marionette enabled
console.warn: SearchSettings: "get: No settings file exists, new profile?" (new Error("", "(unknown module)"))
1634978702048	Marionette	INFO	Listening on port 8310
1634978702257	Marionette	WARN	TLS certificate errors will be ignored for this session
1634978704074	Marionette	WARN	Ignoring event 'pageshow' because document has an invalid readyState of 'uninitialized'.
Marionette threw an error: NotFoundError: WindowGlobalParent.getActor: No such JSWindowActor 'MarionetteCommands'
getMarionetteCommandsActorProxy/get/<@chrome://marionette/content/actors/MarionetteCommandsParent.jsm:327:69
unregisterCommandsActor@chrome://marionette/content/actors/MarionetteCommandsParent.jsm:390:15
GeckoDriver.prototype.deleteSession@chrome://marionette/content/driver.js:2335:3
onClosed@chrome://marionette/content/server.js:194:17
close@chrome://marionette/content/transport.js:225:18
onInputStreamReady@chrome://marionette/content/transport.js:379:14

1634978782677	Marionette	INFO	Stopped listening on port 8310
1634978799465	geckodriver	INFO	Listening on 127.0.0.1:8424
1634978802394	mozrunner::runner	INFO	Running command: "C:\\Program Files\\Mozilla Firefox\\firefox.exe" "--marionette" "-no-remote" "-profile" "C:\\Users\\ADMINI~1\\AppData\\Local\\Temp\\rust_mozprofilesSTJC0"
1634978802779	Marionette	INFO	Marionette enabled
console.warn: SearchSettings: "get: No settings file exists, new profile?" (new Error("", "(unknown module)"))
1634978805021	Marionette	INFO	Listening on port 8434
1634978805523	Marionette	WARN	TLS certificate errors will be ignored for this session
1634978807302	Marionette	WARN	Ignoring event 'pageshow' because document has an invalid readyState of 'uninitialized'.
1634978818676	Marionette	INFO	Stopped listening on port 8434
1634979145812	geckodriver	INFO	Listening on 127.0.0.1:9742
1634979148844	mozrunner::runner	INFO	Running command: "C:\\Program Files\\Mozilla Firefox\\firefox.exe" "--marionette" "-no-remote" "-profile" "C:\\Users\\ADMINI~1\\AppData\\Local\\Temp\\rust_mozprofileAdZ5Oo"
1634979149243	Marionette	INFO	Marionette enabled
console.warn: SearchSettings: "get: No settings file exists, new profile?" (new Error("", "(unknown module)"))
1634979151792	Marionette	INFO	Listening on port 9752
1634979151981	Marionette	WARN	TLS certificate errors will be ignored for this session
1634979155021	Marionette	WARN	Ignoring event 'pageshow' because document has an invalid readyState of 'uninitialized'.
1634979227180	Marionette	INFO	Stopped listening on port 9752
1634979243338	geckodriver	INFO	Listening on 127.0.0.1:9869
1634979246373	mozrunner::runner	INFO	Running command: "C:\\Program Files\\Mozilla Firefox\\firefox.exe" "--marionette" "-no-remote" "-profile" "C:\\Users\\ADMINI~1\\AppData\\Local\\Temp\\rust_mozprofileeCshAJ"
1634979246759	Marionette	INFO	Marionette enabled
console.warn: SearchSettings: "get: No settings file exists, new profile?" (new Error("", "(unknown module)"))
1634979249318	Marionette	INFO	Listening on port 9878
1634979249522	Marionette	WARN	TLS certificate errors will be ignored for this session
1634979251022	Marionette	WARN	Ignoring event 'pageshow' because document has an invalid readyState of 'uninitialized'.
1634979307071	Marionette	INFO	Stopped listening on port 9878

###!!! [Child][RunMessage] Error: Channel closing: too late to send/recv, messages will be lost

1634979336981	geckodriver	INFO	Listening on 127.0.0.1:10052
1634979340011	mozrunner::runner	INFO	Running command: "C:\\Program Files\\Mozilla Firefox\\firefox.exe" "--marionette" "-no-remote" "-profile" "C:\\Users\\ADMINI~1\\AppData\\Local\\Temp\\rust_mozprofiledBCGxT"
1634979340405	Marionette	INFO	Marionette enabled
console.warn: SearchSettings: "get: No settings file exists, new profile?" (new Error("", "(unknown module)"))
1634979343266	Marionette	INFO	Listening on port 10062
1634979343643	Marionette	WARN	TLS certificate errors will be ignored for this session
1634979345314	Marionette	WARN	Ignoring event 'pageshow' because document has an invalid readyState of 'uninitialized'.
1634979422739	Marionette	INFO	Stopped listening on port 10062
1634979453075	geckodriver	INFO	Listening on 127.0.0.1:10240
1634979456110	mozrunner::runner	INFO	Running command: "C:\\Program Files\\Mozilla Firefox\\firefox.exe" "--marionette" "-no-remote" "-profile" "C:\\Users\\ADMINI~1\\AppData\\Local\\Temp\\rust_mozprofileVKBRKY"
1634979456521	Marionette	INFO	Marionette enabled
console.warn: SearchSettings: "get: No settings file exists, new profile?" (new Error("", "(unknown module)"))
1634979458725	Marionette	INFO	Listening on port 10248
1634979459236	Marionette	WARN	TLS certificate errors will be ignored for this session
1634979461413	Marionette	WARN	Ignoring event 'pageshow' because document has an invalid readyState of 'uninitialized'.
1634979500391	Marionette	INFO	Stopped listening on port 10248

###!!! [Child][RunMessage] Error: Channel closing: too late to send/recv, messages will be lost

1634979542258	geckodriver	INFO	Listening on 127.0.0.1:10398
1634979545289	mozrunner::runner	INFO	Running command: "C:\\Program Files\\Mozilla Firefox\\firefox.exe" "--marionette" "-no-remote" "-profile" "C:\\Users\\ADMINI~1\\AppData\\Local\\Temp\\rust_mozprofileL04mLh"
1634979545678	Marionette	INFO	Marionette enabled
console.warn: SearchSettings: "get: No settings file exists, new profile?" (new Error("", "(unknown module)"))
1634979548102	Marionette	INFO	Listening on port 10408
1634979548412	Marionette	WARN	TLS certificate errors will be ignored for this session
1634979550092	Marionette	WARN	Ignoring event 'pageshow' because document has an invalid readyState of 'uninitialized'.
1634979592531	Marionette	INFO	Stopped listening on port 10408

###!!! [Child][RunMessage] Error: Channel closing: too late to send/recv, messages will be lost

1634979741277	geckodriver	INFO	Listening on 127.0.0.1:13726
1634979744312	mozrunner::runner	INFO	Running command: "C:\\Program Files\\Mozilla Firefox\\firefox.exe" "--marionette" "-no-remote" "-profile" "C:\\Users\\ADMINI~1\\AppData\\Local\\Temp\\rust_mozprofileDFMQEW"
1634979744740	Marionette	INFO	Marionette enabled
console.warn: SearchSettings: "get: No settings file exists, new profile?" (new Error("", "(unknown module)"))
1634979747089	Marionette	INFO	Listening on port 13739
1634979747442	Marionette	WARN	TLS certificate errors will be ignored for this session
1634979749724	Marionette	WARN	Ignoring event 'pageshow' because document has an invalid readyState of 'uninitialized'.
1634979775109	Marionette	INFO	Stopped listening on port 13739
1634979838152	geckodriver	INFO	Listening on 127.0.0.1:13875
1634979841170	mozrunner::runner	INFO	Running command: "C:\\Program Files\\Mozilla Firefox\\firefox.exe" "--marionette" "-no-remote" "-profile" "C:\\Users\\ADMINI~1\\AppData\\Local\\Temp\\rust_mozprofileFmUmdT"
1634979841565	Marionette	INFO	Marionette enabled
console.warn: SearchSettings: "get: No settings file exists, new profile?" (new Error("", "(unknown module)"))
1634979844175	Marionette	INFO	Listening on port 13883
1634979844311	Marionette	WARN	TLS certificate errors will be ignored for this session
1634979845763	Marionette	WARN	Ignoring event 'pageshow' because document has an invalid readyState of 'uninitialized'.
1634980143886	Marionette	INFO	Stopped listening on port 13883

###!!! [Child][RunMessage] Error: Channel closing: too late to send/recv, messages will be lost

1635952136597	geckodriver	INFO	Listening on 127.0.0.1:10622
1635952139609	mozrunner::runner	INFO	Running command: "C:\\Program Files\\Mozilla Firefox\\firefox.exe" "--marionette" "-no-remote" "-profile" "C:\\Users\\ADMINI~1\\AppData\\Local\\Temp\\rust_mozprofilepbTlgf"
1635952140853	Marionette	INFO	Marionette enabled
console.warn: SearchSettings: "get: No settings file exists, new profile?" (new Error("", "(unknown module)"))
1635952143788	Marionette	INFO	Listening on port 10703
1635952143938	Marionette	WARN	TLS certificate errors will be ignored for this session
1635952173642	Marionette	INFO	Stopped listening on port 10703

###!!! [Child][RunMessage] Error: Channel closing: too late to send/recv, messages will be lost

1635952453311	geckodriver	INFO	Listening on 127.0.0.1:10959
1635952456348	mozrunner::runner	INFO	Running command: "C:\\Program Files\\Mozilla Firefox\\firefox.exe" "--marionette" "-no-remote" "-profile" "C:\\Users\\ADMINI~1\\AppData\\Local\\Temp\\rust_mozprofileeeUPpR"
1635952456767	Marionette	INFO	Marionette enabled
console.warn: SearchSettings: "get: No settings file exists, new profile?" (new Error("", "(unknown module)"))
1635952458952	Marionette	INFO	Listening on port 10969
1635952458981	Marionette	WARN	TLS certificate errors will be ignored for this session
1635952758455	Marionette	INFO	Stopped listening on port 10969

###!!! [Child][RunMessage] Error: Channel closing: too late to send/recv, messages will be lost

1635952807989	geckodriver	INFO	Listening on 127.0.0.1:4187
1635952821180	geckodriver	INFO	Listening on 127.0.0.1:4200
1635952824207	mozrunner::runner	INFO	Running command: "C:\\Program Files\\Mozilla Firefox\\firefox.exe" "--marionette" "-no-remote" "-profile" "C:\\Users\\ADMINI~1\\AppData\\Local\\Temp\\rust_mozprofileN65gHy"
1635952824624	Marionette	INFO	Marionette enabled
console.warn: SearchSettings: "get: No settings file exists, new profile?" (new Error("", "(unknown module)"))
1635952826825	Marionette	INFO	Listening on port 4210
1635952827335	Marionette	WARN	TLS certificate errors will be ignored for this session
1635952961572	Marionette	INFO	Stopped listening on port 4210

###!!! [Child][RunMessage] Error: Channel closing: too late to send/recv, messages will be lost

1635952967740	geckodriver	INFO	Listening on 127.0.0.1:5060
1635952970768	mozrunner::runner	INFO	Running command: "C:\\Program Files\\Mozilla Firefox\\firefox.exe" "--marionette" "-no-remote" "-profile" "C:\\Users\\ADMINI~1\\AppData\\Local\\Temp\\rust_mozprofiled2Zfms"
1635952971172	Marionette	INFO	Marionette enabled
console.warn: SearchSettings: "get: No settings file exists, new profile?" (new Error("", "(unknown module)"))
1635952973526	Marionette	INFO	Listening on port 5070
1635952973897	Marionette	WARN	TLS certificate errors will be ignored for this session
1635952996116	Marionette	INFO	Stopped listening on port 5070

###!!! [Child][RunMessage] Error: Channel closing: too late to send/recv, messages will be lost


###!!! [Child][RunMessage] Error: Channel closing: too late to send/recv, messages will be lost

1635953008827	geckodriver	INFO	Listening on 127.0.0.1:5205
1635953011855	mozrunner::runner	INFO	Running command: "C:\\Program Files\\Mozilla Firefox\\firefox.exe" "--marionette" "-no-remote" "-profile" "C:\\Users\\ADMINI~1\\AppData\\Local\\Temp\\rust_mozprofileMScTlB"
1635953012257	Marionette	INFO	Marionette enabled
console.warn: SearchSettings: "get: No settings file exists, new profile?" (new Error("", "(unknown module)"))
1635953014685	Marionette	INFO	Listening on port 5215
1635953014984	Marionette	WARN	TLS certificate errors will be ignored for this session
1635953157690	Marionette	INFO	Stopped listening on port 5215

###!!! [Child][RunMessage] Error: Channel closing: too late to send/recv, messages will be lost

1635954198609	geckodriver	INFO	Listening on 127.0.0.1:10511
1635954201645	mozrunner::runner	INFO	Running command: "C:\\Program Files\\Mozilla Firefox\\firefox.exe" "--marionette" "-no-remote" "-profile" "C:\\Users\\ADMINI~1\\AppData\\Local\\Temp\\rust_mozprofileiQ3x2o"
1635954202060	Marionette	INFO	Marionette enabled
console.warn: SearchSettings: "get: No settings file exists, new profile?" (new Error("", "(unknown module)"))
1635954204513	Marionette	INFO	Listening on port 10519
1635954204777	Marionette	WARN	TLS certificate errors will be ignored for this session
1635954206384	Marionette	WARN	Ignoring event 'pageshow' because document has an invalid readyState of 'uninitialized'.
1635954385644	Marionette	INFO	Stopped listening on port 10519
